<?xml version="1.0" encoding="UTF-8"?>
<!-- Generated by org.testng.reporters.JUnitReportReporter -->
<testsuite hostname="DPL5880" name="TD.scripts.TD_BecomeClient" tests="1" failures="0" timestamp="29 Nov 2017 12:53:07 GMT" time="76.784" errors="0">
  <testcase name="SubmitBecomeClient" time="76.784" classname="TD.scripts.TD_BecomeClient"/>
</testsuite> <!-- TD.scripts.TD_BecomeClient -->
